<?xml version="1.0" encoding="UTF-8"?>
<testsuite name="Google-Search" tests="1" errors="0" failures="0" skipped="0" time="38.164">
<testcase classname="Google-Search" name="Footer_Validation" time="32.730">
</testcase>
</testsuite>
